// 重构日志: bfedae61
// 重构日志: 4bbe2a13
// 重构日志: 9ad18c52
// 重构日志: 1868aa68
// 同步 ID: 096cb9ea @ Thu May 21 00:39:47 UTC 2026
// 同步 ID: 5c7e7955 @ Fri May 22 22:47:56 UTC 2026
// 重构日志: e85498e3
// 重构日志: 92d4a8a4
// 重构日志: b34294e0
// 重构日志: 9ad4558b
// 重构日志: 09caf7d5
// 重构日志: f0c125b2
// 重构日志: 747defe1
// 重构日志: 34fb97bb
// 重构日志: cebd0786
// 重构日志: 36f82ef4
// 重构日志: 6ce89b9a
// 重构日志: c777cbff
// 同步 ID: dfd2adf2 @ Wed Jun 10 09:18:04 UTC 2026
// 同步 ID: e6cf7531 @ Fri Jun 12 11:30:59 UTC 2026
// 同步 ID: 3b0bd27f @ Sat Jun 13 06:54:30 UTC 2026
// 重构日志: f254df99
// 重构日志: d6061ecf
// 同步 ID: ac279081 @ Tue Jun 16 17:54:48 UTC 2026
// 重构日志: 80295fd0
// 同步 ID: 8f808427 @ Wed Jun 17 11:42:37 UTC 2026
// 重构日志: d09c4a5d
// 同步 ID: d29844b7 @ Sun Jun 21 13:42:02 UTC 2026
// 重构日志: f37d2a28
// 同步 ID: ee811059 @ Wed Jun 24 01:04:38 UTC 2026
